Unity Editor version:    2022.3.19f1 (244b723c30a6)
Branch:                  2022.3/staging
Build type:              Release
Batch mode:              YES
macOS version:           Version 13.2 (Build 22D49)
Darwin version:          22.3.0
Architecture:            arm64
Running under Rosetta:   NO
Available memory:        8192 MB
Using pre-set license
Pro License: YES

COMMAND LINE ARGUMENTS:
/Applications/Unity/Hub/Editor/2022.3.19f1/Unity.app/Contents/MacOS/Unity
-adb2
-batchMode
-noUpm
-name
AssetImportWorker1
-projectPath
/Users/anton/Downloads/TurnBasedCombat-main 2
-logFile
Logs/AssetImportWorker1.log
-srvPort
49378
Successfully changed project path to: /Users/anton/Downloads/TurnBasedCombat-main 2
/Users/anton/Downloads/TurnBasedCombat-main 2
[UnityMemory] Configuration Parameters - Can be set up in boot.config
    "memorysetup-bucket-allocator-granularity=16"
    "memorysetup-bucket-allocator-bucket-count=8"
    "memorysetup-bucket-allocator-block-size=33554432"
    "memorysetup-bucket-allocator-block-count=8"
    "memorysetup-main-allocator-block-size=16777216"
    "memorysetup-thread-allocator-block-size=16777216"
    "memorysetup-gfx-main-allocator-block-size=16777216"
    "memorysetup-gfx-thread-allocator-block-size=16777216"
    "memorysetup-cache-allocator-block-size=4194304"
    "memorysetup-typetree-allocator-block-size=2097152"
    "memorysetup-profiler-bucket-allocator-granularity=16"
    "memorysetup-profiler-bucket-allocator-bucket-count=8"
    "memorysetup-profiler-bucket-allocator-block-size=33554432"
    "memorysetup-profiler-bucket-allocator-block-count=8"
    "memorysetup-profiler-allocator-block-size=16777216"
    "memorysetup-profiler-editor-allocator-block-size=1048576"
    "memorysetup-temp-allocator-size-main=16777216"
    "memorysetup-job-temp-allocator-block-size=2097152"
    "memorysetup-job-temp-allocator-block-size-background=1048576"
    "memorysetup-job-temp-allocator-reduction-small-platforms=262144"
    "memorysetup-allocator-temp-initial-block-size-main=262144"
    "memorysetup-allocator-temp-initial-block-size-worker=262144"
    "memorysetup-temp-allocator-size-background-worker=32768"
    "memorysetup-temp-allocator-size-job-worker=262144"
    "memorysetup-temp-allocator-size-preload-manager=33554432"
    "memorysetup-temp-allocator-size-nav-mesh-worker=65536"
    "memorysetup-temp-allocator-size-audio-worker=65536"
    "memorysetup-temp-allocator-size-cloud-worker=32768"
    "memorysetup-temp-allocator-size-gi-baking-worker=262144"
    "memorysetup-temp-allocator-size-gfx=262144"
Player connection [8109834496] Host "[IP] 192.168.10.4 [Port] 0 [Flags] 2 [Guid] 1679376510 [EditorId] 1679376510 [Version] 1048832 [Id] OSXEditor(0,MacBook-Air-Anton.local) [Debug] 1 [PackageName] OSXEditor [ProjectName] Editor" joined multi-casting on [225.0.0.222:54997]...

Player connection [8109834496] Host "[IP] 192.168.10.4 [Port] 0 [Flags] 2 [Guid] 1679376510 [EditorId] 1679376510 [Version] 1048832 [Id] OSXEditor(0,MacBook-Air-Anton.local) [Debug] 1 [PackageName] OSXEditor [ProjectName] Editor" joined alternative multi-casting on [225.0.0.222:34997]...

[Physics::Module] Initialized MultithreadedJobDispatcher with 7 workers.
Refreshing native plugins compatible for Editor in 15.68 ms, found 3 plugins.
Preloading 0 native plugins for Editor in 0.00 ms.
Initialize engine version: 2022.3.19f1 (244b723c30a6)
[Subsystems] Discovering subsystems at path /Applications/Unity/Hub/Editor/2022.3.19f1/Unity.app/Contents/Resources/UnitySubsystems
[Subsystems] Discovering subsystems at path /Users/anton/Downloads/TurnBasedCombat-main 2/Assets
GfxDevice: creating device client; threaded=0; jobified=0
 preferred device: Apple M1 (high power)
Metal devices available: 1
0: Apple M1 (high power)
Using device Apple M1 (high power)
Initializing Metal device caps: Apple M1
Initialize mono
Mono path[0] = '/Applications/Unity/Hub/Editor/2022.3.19f1/Unity.app/Contents/Managed'
Mono path[1] = '/Applications/Unity/Hub/Editor/2022.3.19f1/Unity.app/Contents/MonoBleedingEdge/lib/mono/unityjit-macos'
Mono config path = '/Applications/Unity/Hub/Editor/2022.3.19f1/Unity.app/Contents/MonoBleedingEdge/etc'
Using monoOptions --debugger-agent=transport=dt_socket,embedding=1,server=y,suspend=n,address=127.0.0.1:56438
Begin MonoManager ReloadAssembly
Registering precompiled unity dll's ...
Register platform support module: /Applications/Unity/Hub/Editor/2022.3.19f1/PlaybackEngines/WebGLSupport/UnityEditor.WebGL.Extensions.dll
Register platform support module: /Applications/Unity/Hub/Editor/2022.3.19f1/Unity.app/Contents/PlaybackEngines/MacStandaloneSupport/UnityEditor.OSXStandalone.Extensions.dll
Registered in 0.002368 seconds.
- Loaded All Assemblies, in  0.267 seconds
Native extension for OSXStandalone target not found
Native extension for WebGL target not found
Mono: successfully reloaded assembly
- Finished resetting the current domain, in  0.174 seconds
Domain Reload Profiling: 441ms
	BeginReloadAssembly (87ms)
		ExecutionOrderSort (0ms)
		DisableScriptedObjects (0ms)
		BackupInstance (0ms)
		ReleaseScriptingObjects (0ms)
		CreateAndSetChildDomain (1ms)
	RebuildCommonClasses (25ms)
	RebuildNativeTypeToScriptingClass (10ms)
	initialDomainReloadingComplete (34ms)
	LoadAllAssembliesAndSetupDomain (111ms)
		LoadAssemblies (87ms)
		RebuildTransferFunctionScriptingTraits (0ms)
		AnalyzeDomain (109ms)
			TypeCache.Refresh (108ms)
				TypeCache.ScanAssembly (97ms)
			ScanForSourceGeneratedMonoScriptInfo (0ms)
			ResolveRequiredComponents (0ms)
	FinalizeReload (174ms)
		ReleaseScriptCaches (0ms)
		RebuildScriptCaches (0ms)
		SetupLoadedEditorAssemblies (132ms)
			LogAssemblyErrors (0ms)
			InitializePlatformSupportModulesInManaged (5ms)
			SetLoadedEditorAssemblies (4ms)
			RefreshPlugins (0ms)
			BeforeProcessingInitializeOnLoad (1ms)
			ProcessInitializeOnLoadAttributes (92ms)
			ProcessInitializeOnLoadMethodAttributes (30ms)
			AfterProcessingInitializeOnLoad (0ms)
			EditorAssembliesLoaded (0ms)
		ExecutionOrderSort2 (0ms)
		AwakeInstancesAfterBackupRestoration (0ms)
========================================================================
Worker process is ready to serve import requests
Begin MonoManager ReloadAssembly
- Loaded All Assemblies, in  0.478 seconds
Refreshing native plugins compatible for Editor in 1.26 ms, found 3 plugins.
Native extension for OSXStandalone target not found
Native extension for WebGL target not found
Package Manager log level set to [2]
[Package Manager] Server::EnsureServerProcessIsRunning -- launch failed, reason: Unity was launched with the -noUpm command-line argument
[Package Manager] UpmClient::Send -- Unable to send message (not connected to UPM process).
[Package Manager] Cannot connect to Unity Package Manager local server
Mono: successfully reloaded assembly
- Finished resetting the current domain, in  0.389 seconds
Domain Reload Profiling: 867ms
	BeginReloadAssembly (93ms)
		ExecutionOrderSort (0ms)
		DisableScriptedObjects (3ms)
		BackupInstance (0ms)
		ReleaseScriptingObjects (0ms)
		CreateAndSetChildDomain (35ms)
	RebuildCommonClasses (24ms)
	RebuildNativeTypeToScriptingClass (8ms)
	initialDomainReloadingComplete (23ms)
	LoadAllAssembliesAndSetupDomain (328ms)
		LoadAssemblies (227ms)
		RebuildTransferFunctionScriptingTraits (0ms)
		AnalyzeDomain (134ms)
			TypeCache.Refresh (120ms)
				TypeCache.ScanAssembly (99ms)
			ScanForSourceGeneratedMonoScriptInfo (10ms)
			ResolveRequiredComponents (3ms)
	FinalizeReload (389ms)
		ReleaseScriptCaches (0ms)
		RebuildScriptCaches (0ms)
		SetupLoadedEditorAssemblies (280ms)
			LogAssemblyErrors (0ms)
			InitializePlatformSupportModulesInManaged (3ms)
			SetLoadedEditorAssemblies (3ms)
			RefreshPlugins (0ms)
			BeforeProcessingInitializeOnLoad (39ms)
			ProcessInitializeOnLoadAttributes (213ms)
			ProcessInitializeOnLoadMethodAttributes (21ms)
			AfterProcessingInitializeOnLoad (1ms)
			EditorAssembliesLoaded (0ms)
		ExecutionOrderSort2 (0ms)
		AwakeInstancesAfterBackupRestoration (3ms)
Launching external process: /Applications/Unity/Hub/Editor/2022.3.19f1/Unity.app/Contents/Tools/UnityShaderCompiler
Launched and connected shader compiler UnityShaderCompiler after 0.22 seconds
Refreshing native plugins compatible for Editor in 1.32 ms, found 3 plugins.
Preloading 0 native plugins for Editor in 0.00 ms.
Unloading 4049 Unused Serialized files (Serialized files now loaded: 0)
Unloading 64 unused Assets / (55.3 KB). Loaded Objects now: 4510.
Memory consumption went from 151.0 MB to 151.0 MB.
Total: 3.288791 ms (FindLiveObjects: 0.153041 ms CreateObjectMapping: 0.057917 ms MarkObjects: 2.750542 ms  DeleteObjects: 0.325959 ms)

AssetImportParameters requested are different than current active one (requested -> active):
  custom:container-demuxer-ogg: 62fdf1f143b41e24485cea50d1cbac27 -> 
  custom:video-decoder-ogg-theora: a1e56fd34408186e4bbccfd4996cb3dc -> 
  custom:CustomObjectIndexerAttribute: 6d391050e5a25f67b0a2c618074f2cd9 -> 
  custom:container-demuxer-webm: 4f35f7cbe854078d1ac9338744f61a02 -> 
  custom:container-muxer-webm: aa71ff27fc2769a1b78a27578f13a17b -> 
  custom:video-decoder-webm-vp8: 9c59270c3fd7afecdb556c50c9e8de78 -> 
  custom:SearchIndexIgnoredProperties: e643bd26f0fe6173181afceb89e7c659 -> 
  custom:AudioImporter_EditorPlatform: 3918e3fc78b5a79bad01e8451be0beb8 -> 
  custom:framework-osx-AVFoundation: e770b220cccbd017edd2c1fefb359320 -> 
  custom:video-encoder-webm-vp8: eb34c28f22e8b96e1ab97ce403110664 -> 
  custom:audio-decoder-ogg-vorbis: bf7c407c2cedff20999df2af8eb42d56 -> 
  custom:audio-encoder-webm-vorbis: bf7c407c2cedff20999df2af8eb42d56 -> 
========================================================================
Received Import Request.
  Time since last request: 1225.862785 seconds.
  path: Assets/EnemyBullet.prefab
  artifactKey: Guid(771fed33447824edb9af5dfdc6218606) Importer(815301076,1909f56bfc062723c751e8b465ee728b)
Start importing Assets/EnemyBullet.prefab using Guid(771fed33447824edb9af5dfdc6218606) Importer(815301076,1909f56bfc062723c751e8b465ee728b)  -> (artifact id: '25b61c7d973b120fdb6283dfce5d8710') in 0.092801 seconds
Number of updated asset objects reloaded before import = 0
Number of asset objects unloaded after import = 10
========================================================================
Received Import Request.
  Time since last request: 0.001119 seconds.
  path: Assets/Enemy.prefab
  artifactKey: Guid(4e40708cefd2f4b309dfc69e72aac08e) Importer(815301076,1909f56bfc062723c751e8b465ee728b)
Start importing Assets/Enemy.prefab using Guid(4e40708cefd2f4b309dfc69e72aac08e) Importer(815301076,1909f56bfc062723c751e8b465ee728b)  -> (artifact id: '43a219d22dc45d6dfbee98d6cf7887ef') in 0.004662 seconds
Number of updated asset objects reloaded before import = 0
Number of asset objects unloaded after import = 20
========================================================================
Received Import Request.
  Time since last request: 0.011965 seconds.
  path: Assets/MoveTarget 1.prefab
  artifactKey: Guid(d720fb7924d6b4b2e9ab11ef5fcf26d2) Importer(815301076,1909f56bfc062723c751e8b465ee728b)
Start importing Assets/MoveTarget 1.prefab using Guid(d720fb7924d6b4b2e9ab11ef5fcf26d2) Importer(815301076,1909f56bfc062723c751e8b465ee728b)  -> (artifact id: '9d6de7163ba43948099ca620ebab9252') in 0.004173 seconds
Number of updated asset objects reloaded before import = 0
Number of asset objects unloaded after import = 9
========================================================================
Received Import Request.
  Time since last request: 0.000112 seconds.
  path: Assets/AimCursor.png
  artifactKey: Guid(9272e3d451ca346c0a6835a33c83d006) Importer(815301076,1909f56bfc062723c751e8b465ee728b)
Start importing Assets/AimCursor.png using Guid(9272e3d451ca346c0a6835a33c83d006) Importer(815301076,1909f56bfc062723c751e8b465ee728b)  -> (artifact id: 'd30c3f9675227651d407ecfa2423a924') in 0.209690 seconds
Number of updated asset objects reloaded before import = 0
Number of asset objects unloaded after import = 3
========================================================================
Received Import Request.
  Time since last request: 193.539688 seconds.
  path: Assets/Textures/paper-texture-for-background-old-vintage-grunge-texture-cement-floor-texture-free-photo.jpg
  artifactKey: Guid(bf1d5536937134d6ea422469e9d79184) Importer(815301076,1909f56bfc062723c751e8b465ee728b)
Start importing Assets/Textures/paper-texture-for-background-old-vintage-grunge-texture-cement-floor-texture-free-photo.jpg using Guid(bf1d5536937134d6ea422469e9d79184) Importer(815301076,1909f56bfc062723c751e8b465ee728b)  -> (artifact id: '93e825fbba7f3c55eea6367cc47a7f3b') in 0.072436 seconds
Number of updated asset objects reloaded before import = 0
Number of asset objects unloaded after import = 3
========================================================================
Received Import Request.
  Time since last request: 4.750897 seconds.
  path: Assets/Tiles/Walls/BaredWallFrontRight.png
  artifactKey: Guid(b69977b1df8d34f6b8cc6f8a98325a7c) Importer(815301076,1909f56bfc062723c751e8b465ee728b)
Start importing Assets/Tiles/Walls/BaredWallFrontRight.png using Guid(b69977b1df8d34f6b8cc6f8a98325a7c) Importer(815301076,1909f56bfc062723c751e8b465ee728b)  -> (artifact id: '1480b9dccf90d0c96033768f73ae8750') in 0.006971 seconds
Number of updated asset objects reloaded before import = 0
Number of asset objects unloaded after import = 3
========================================================================
Received Import Request.
  Time since last request: 0.000074 seconds.
  path: Assets/Tiles/Walls/BaredWallsRearRight.png
  artifactKey: Guid(a031706d8db5e4733b5497b17cda969e) Importer(815301076,1909f56bfc062723c751e8b465ee728b)
Start importing Assets/Tiles/Walls/BaredWallsRearRight.png using Guid(a031706d8db5e4733b5497b17cda969e) Importer(815301076,1909f56bfc062723c751e8b465ee728b)  -> (artifact id: 'c312e306b4a0ab7a57ab78848ef3a30e') in 0.008920 seconds
Number of updated asset objects reloaded before import = 0
Number of asset objects unloaded after import = 3
========================================================================
Received Import Request.
  Time since last request: 0.000186 seconds.
  path: Assets/Tiles/Walls/WindowFrontLeftpng.asset
  artifactKey: Guid(c71a56ca076da496fa6f09a89e4ebf31) Importer(815301076,1909f56bfc062723c751e8b465ee728b)
Start importing Assets/Tiles/Walls/WindowFrontLeftpng.asset using Guid(c71a56ca076da496fa6f09a89e4ebf31) Importer(815301076,1909f56bfc062723c751e8b465ee728b)  -> (artifact id: '981e8f089930a85c0623fc3e8e46ef9f') in 0.014895 seconds
Number of updated asset objects reloaded before import = 0
Number of asset objects unloaded after import = 3
========================================================================
Received Import Request.
  Time since last request: 0.000145 seconds.
  path: Assets/Tiles/Walls/BaredWallsRearRight.asset
  artifactKey: Guid(5dbfc26689d3b43829dd12ed351c62e9) Importer(815301076,1909f56bfc062723c751e8b465ee728b)
Start importing Assets/Tiles/Walls/BaredWallsRearRight.asset using Guid(5dbfc26689d3b43829dd12ed351c62e9) Importer(815301076,1909f56bfc062723c751e8b465ee728b)  -> (artifact id: '72b31ac0795c3730a42a48ae5ab0e103') in 0.004029 seconds
Number of updated asset objects reloaded before import = 0
Number of asset objects unloaded after import = 3
========================================================================
Received Import Request.
  Time since last request: 0.000044 seconds.
  path: Assets/Tiles/Walls/WindowFrontLeftpng.png
  artifactKey: Guid(3db53f7d2738544cc88428a0c3c137c9) Importer(815301076,1909f56bfc062723c751e8b465ee728b)
Start importing Assets/Tiles/Walls/WindowFrontLeftpng.png using Guid(3db53f7d2738544cc88428a0c3c137c9) Importer(815301076,1909f56bfc062723c751e8b465ee728b)  -> (artifact id: 'bc951167704104ada17efac3a1e970f4') in 0.006222 seconds
Number of updated asset objects reloaded before import = 0
Number of asset objects unloaded after import = 3
========================================================================
Received Import Request.
  Time since last request: 0.000100 seconds.
  path: Assets/Tiles/Walls/WallRearRight.png
  artifactKey: Guid(cdb746f53bf6748558169b214eb0b77e) Importer(815301076,1909f56bfc062723c751e8b465ee728b)
Start importing Assets/Tiles/Walls/WallRearRight.png using Guid(cdb746f53bf6748558169b214eb0b77e) Importer(815301076,1909f56bfc062723c751e8b465ee728b)  -> (artifact id: '0366250f4ee3ec02ccea4f5f0acc8fc4') in 0.006212 seconds
Number of updated asset objects reloaded before import = 0
Number of asset objects unloaded after import = 3
========================================================================
Received Import Request.
  Time since last request: 0.000032 seconds.
  path: Assets/Tiles/Walls/BaredWallRearLeft.png
  artifactKey: Guid(94223f871cc2d4f3d9c85022bbb9ca13) Importer(815301076,1909f56bfc062723c751e8b465ee728b)
Start importing Assets/Tiles/Walls/BaredWallRearLeft.png using Guid(94223f871cc2d4f3d9c85022bbb9ca13) Importer(815301076,1909f56bfc062723c751e8b465ee728b)  -> (artifact id: 'a7cdd63c1619ff18b3c02ec737e6827a') in 0.007971 seconds
Number of updated asset objects reloaded before import = 0
Number of asset objects unloaded after import = 3
========================================================================
Received Import Request.
  Time since last request: 0.000041 seconds.
  path: Assets/Tiles/Walls/WindowFrontRight.png
  artifactKey: Guid(183768454b0f04890885b97b04a53792) Importer(815301076,1909f56bfc062723c751e8b465ee728b)
Start importing Assets/Tiles/Walls/WindowFrontRight.png using Guid(183768454b0f04890885b97b04a53792) Importer(815301076,1909f56bfc062723c751e8b465ee728b)  -> (artifact id: '7d7b98a44f45b9b15405b1049b239fe1') in 0.005654 seconds
Number of updated asset objects reloaded before import = 0
Number of asset objects unloaded after import = 3
========================================================================
Received Import Request.
  Time since last request: 0.000142 seconds.
  path: Assets/Tiles/Walls/WallRearLeft.png
  artifactKey: Guid(6b7e49e062fc44444928bb4f7d47f161) Importer(815301076,1909f56bfc062723c751e8b465ee728b)
Start importing Assets/Tiles/Walls/WallRearLeft.png using Guid(6b7e49e062fc44444928bb4f7d47f161) Importer(815301076,1909f56bfc062723c751e8b465ee728b)  -> (artifact id: '7f7eb26f4ed1c7868b6e2c7867aafd71') in 0.006258 seconds
Number of updated asset objects reloaded before import = 0
Number of asset objects unloaded after import = 3
========================================================================
Received Import Request.
  Time since last request: 0.000092 seconds.
  path: Assets/Tiles/Walls/doorFrontRight.asset
  artifactKey: Guid(8589fc3fdd62a4ec781324463fcd7896) Importer(815301076,1909f56bfc062723c751e8b465ee728b)
Start importing Assets/Tiles/Walls/doorFrontRight.asset using Guid(8589fc3fdd62a4ec781324463fcd7896) Importer(815301076,1909f56bfc062723c751e8b465ee728b)  -> (artifact id: 'd37bcec56ac0bd6a48132d256b85a6e2') in 0.004290 seconds
Number of updated asset objects reloaded before import = 0
Number of asset objects unloaded after import = 3
========================================================================
Received Import Request.
  Time since last request: 0.000100 seconds.
  path: Assets/Tiles/Walls/WallFrontRight.png
  artifactKey: Guid(ffd9ec186e0c84033bc2b55a0547f2a8) Importer(815301076,1909f56bfc062723c751e8b465ee728b)
Start importing Assets/Tiles/Walls/WallFrontRight.png using Guid(ffd9ec186e0c84033bc2b55a0547f2a8) Importer(815301076,1909f56bfc062723c751e8b465ee728b)  -> (artifact id: 'c0a27d6eae34a04c99a8e18c793644b9') in 0.006854 seconds
Number of updated asset objects reloaded before import = 0
Number of asset objects unloaded after import = 3
========================================================================
Received Import Request.
  Time since last request: 0.000117 seconds.
  path: Assets/Tiles/Walls/WallRearLeft.asset
  artifactKey: Guid(1659f41e2840d4823a01736818fd067c) Importer(815301076,1909f56bfc062723c751e8b465ee728b)
Start importing Assets/Tiles/Walls/WallRearLeft.asset using Guid(1659f41e2840d4823a01736818fd067c) Importer(815301076,1909f56bfc062723c751e8b465ee728b)  -> (artifact id: 'a59e8596652027bf7e986e9a4cb06f96') in 0.004234 seconds
Number of updated asset objects reloaded before import = 0
Number of asset objects unloaded after import = 3
========================================================================
Received Import Request.
  Time since last request: 0.000144 seconds.
  path: Assets/Tiles/Walls/Walls.prefab
  artifactKey: Guid(c7946aa99f01b44db97856d6a2204a49) Importer(815301076,1909f56bfc062723c751e8b465ee728b)
Start importing Assets/Tiles/Walls/Walls.prefab using Guid(c7946aa99f01b44db97856d6a2204a49) Importer(815301076,1909f56bfc062723c751e8b465ee728b)  -> (artifact id: '82f16014bf2e1f56805eec7031c2bebc') in 0.013071 seconds
Number of updated asset objects reloaded before import = 0
Number of asset objects unloaded after import = 49
